[debug] [2021-06-30T15:07:42.126Z] ----------------------------------------------------------------------
[debug] [2021-06-30T15:07:42.128Z] Command:       /usr/local/bin/firebase /home/hinagawa/.cache/firebase/tools/lib/node_modules/firebase-tools/lib/bin/firebase init
[debug] [2021-06-30T15:07:42.128Z] CLI Version:   9.14.0
[debug] [2021-06-30T15:07:42.128Z] Platform:      linux
[debug] [2021-06-30T15:07:42.128Z] Node Version:  v12.18.1
[debug] [2021-06-30T15:07:42.129Z] Time:          Wed Jun 30 2021 18:07:42 GMT+0300 (Moscow Standard Time)
[debug] [2021-06-30T15:07:42.129Z] ----------------------------------------------------------------------
[debug] 
[debug] [2021-06-30T15:07:42.132Z] > command requires scopes: ["email","openid","https://www.googleapis.com/auth/cloudplatformprojects.readonly","https://www.googleapis.com/auth/firebase","https://www.googleapis.com/auth/cloud-platform"]
[debug] [2021-06-30T15:07:42.133Z] > authorizing via signed-in user (psalimullina@gmail.com)
[info] 
     ######## #### ########  ######## ########     ###     ######  ########
     ##        ##  ##     ## ##       ##     ##  ##   ##  ##       ##
     ######    ##  ########  ######   ########  #########  ######  ######
     ##        ##  ##    ##  ##       ##     ## ##     ##       ## ##
     ##       #### ##     ## ######## ########  ##     ##  ######  ########

You're about to initialize a Firebase project in this directory:

  /home/hinagawa/Desktop/simbir/SimbirSoft_planner

Before we get started, keep in mind:

  * You are initializing within an existing Firebase project directory

[info] 
=== Project Setup
[info] 
[info] First, let's associate this project directory with a Firebase project.
[info] You can create multiple project aliases by running firebase use --add, 
[info] but for now we'll just set up a default project.
[info] 
[info] i  .firebaserc already has a default project, using simbirsoft-planner. 
[debug] [2021-06-30T15:07:49.769Z] >>> [apiv2][query] GET https://firebase.googleapis.com/v1beta1/projects/simbirsoft-planner [none]
[debug] [2021-06-30T15:07:50.480Z] <<< [apiv2][status] GET https://firebase.googleapis.com/v1beta1/projects/simbirsoft-planner 403
[debug] [2021-06-30T15:07:50.481Z] <<< [apiv2][body] GET https://firebase.googleapis.com/v1beta1/projects/simbirsoft-planner {"error":{"code":403,"message":"The caller does not have permission","status":"PERMISSION_DENIED"}}
[debug] [2021-06-30T15:07:50.482Z] HTTP Error: 403, The caller does not have permission
[debug] [2021-06-30T15:07:50.485Z] FirebaseError: HTTP Error: 403, The caller does not have permission
    at module.exports (/home/hinagawa/.cache/firebase/tools/lib/node_modules/firebase-tools/lib/responseToError.js:38:12)
    at Client.doRequest (/home/hinagawa/.cache/firebase/tools/lib/node_modules/firebase-tools/lib/apiv2.js:238:23)
    at processTicksAndRejections (internal/process/task_queues.js:97:5)
    at async Client.request (/home/hinagawa/.cache/firebase/tools/lib/node_modules/firebase-tools/lib/apiv2.js:96:20)
    at async Object.getFirebaseProject (/home/hinagawa/.cache/firebase/tools/lib/node_modules/firebase-tools/lib/management/projects.js:290:21)
    at async Object.doSetup [as project] (/home/hinagawa/.cache/firebase/tools/lib/node_modules/firebase-tools/lib/init/features/project.js:77:27)
    at async init (/home/hinagawa/.cache/firebase/tools/lib/node_modules/firebase-tools/lib/init/index.js:19:9)
[error] 
[error] Error: Failed to get Firebase project simbirsoft-planner. Please make sure the project exists and your account has permission to access it.
